[debug] [2026-03-27T14:27:39.716Z] [Firebase Plugin] Activating Firebase extension.
[info] [Firebase Plugin] Checked firebase-tools, is up to date!
[debug] [2026-03-27T14:28:31.510Z] [Firebase Plugin] requireAuthWrapper
[debug] [2026-03-27T14:28:31.517Z] > command requires scopes: ["email","openid","https://www.googleapis.com/auth/cloudplatformprojects.readonly","https://www.googleapis.com/auth/firebase","https://www.googleapis.com/auth/cloud-platform"]
[debug] [2026-03-27T14:28:31.522Z] > authorizing via signed-in user (darshankamble514@gmail.com)
[debug] [2026-03-27T14:28:31.538Z] Checked if tokens are valid: false, expires at: 1774608479521
[debug] [2026-03-27T14:28:31.539Z] Checked if tokens are valid: false, expires at: 1774608479521
[debug] [2026-03-27T14:28:31.541Z] > refreshing access token with scopes: []
[debug] [2026-03-27T14:28:31.551Z] >>> [apiv2][query] POST https://www.googleapis.com/oauth2/v3/token [none]
[debug] [2026-03-27T14:28:31.552Z] >>> [apiv2][body] POST https://www.googleapis.com/oauth2/v3/token [omitted]
[debug] [2026-03-27T14:28:31.593Z] [Firebase Plugin] VSCode notification server listening on port 40001
[info] [Firebase Plugin] Starting Data Connect toolkit (version 3.2.1) on port 50001
[debug] [2026-03-27T14:28:34.905Z] 'fdc build' failed with error: Unable to build your Data Connect schema and connectors (exit code 1): E0327 19:58:34.877193   14172 cmd.go:43] Error loading data connect config: could not find dataconnect.yaml in `c:\Users\BusinessComputers.in\Documents\GitHub\DK-Photo\dataconnect`
 {"metadata":{"emulator":{"name":"dataconnect"},"message":"'fdc build' failed with error: Unable to build your Data Connect schema and connectors (exit code 1): E0327 19:58:34.877193   14172 cmd.go:43] Error loading data connect config: could not find dataconnect.yaml in `c:\\Users\\BusinessComputers.in\\Documents\\GitHub\\DK-Photo\\dataconnect`\n"}}
[debug] [2026-03-27T14:28:34.911Z] Ignoring unsupported arg: auto_download {"metadata":{"emulator":{"name":"dataconnect"},"message":"Ignoring unsupported arg: auto_download"}}
[debug] [2026-03-27T14:28:34.914Z] Ignoring unsupported arg: port {"metadata":{"emulator":{"name":"dataconnect"},"message":"Ignoring unsupported arg: port"}}
[debug] [2026-03-27T14:28:34.915Z] Starting Data Connect Emulator with command {"binary":"C:\\Users\\BusinessComputers.in\\.cache\\firebase\\emulators\\dataconnect-emulator-3.2.1.exe","args":["--logtostderr","-v=2","dev","--listen=localhost:50001","--config_dir=c:\\Users\\BusinessComputers.in\\Documents\\GitHub\\DK-Photo\\dataconnect","--enable_output_schema_extensions=true","--enable_output_generated_sdk=true"],"optionalArgs":["listen","config_dir","enable_output_schema_extensions","enable_output_generated_sdk"],"joinArgs":true,"shell":false,"port":9399} {"metadata":{"emulator":{"name":"dataconnect"},"message":"Starting Data Connect Emulator with command {\"binary\":\"C:\\\\Users\\\\BusinessComputers.in\\\\.cache\\\\firebase\\\\emulators\\\\dataconnect-emulator-3.2.1.exe\",\"args\":[\"--logtostderr\",\"-v=2\",\"dev\",\"--listen=localhost:50001\",\"--config_dir=c:\\\\Users\\\\BusinessComputers.in\\\\Documents\\\\GitHub\\\\DK-Photo\\\\dataconnect\",\"--enable_output_schema_extensions=true\",\"--enable_output_generated_sdk=true\"],\"optionalArgs\":[\"listen\",\"config_dir\",\"enable_output_schema_extensions\",\"enable_output_generated_sdk\"],\"joinArgs\":true,\"shell\":false,\"port\":9399}"}}
[info] i  dataconnect: Data Connect Emulator logging to dataconnect-debug.log {"metadata":{"emulator":{"name":"dataconnect"},"message":"Data Connect Emulator logging to \u001b[1mdataconnect-debug.log\u001b[22m"}}
[debug] [2026-03-27T14:28:35.836Z] E0327 19:58:35.816966    8300 dev.go:83] Failed to load initial config from "c:\\Users\\BusinessComputers.in\\Documents\\GitHub\\DK-Photo\\dataconnect": could not find dataconnect.yaml in `c:\Users\BusinessComputers.in\Documents\GitHub\DK-Photo\dataconnect`
E0327 19:58:35.832659    8300 watch.go:116] watchAllDir unable to walk dir `c:\Users\BusinessComputers.in\Documents\GitHub\DK-Photo\dataconnect`: CreateFile c:\Users\BusinessComputers.in\Documents\GitHub\DK-Photo\dataconnect: The system cannot find the file specified.
 {"metadata":{"emulator":{"name":"dataconnect"},"message":"E0327 19:58:35.816966    8300 dev.go:83] Failed to load initial config from \"c:\\\\Users\\\\BusinessComputers.in\\\\Documents\\\\GitHub\\\\DK-Photo\\\\dataconnect\": could not find dataconnect.yaml in `c:\\Users\\BusinessComputers.in\\Documents\\GitHub\\DK-Photo\\dataconnect`\nE0327 19:58:35.832659    8300 watch.go:116] watchAllDir unable to walk dir `c:\\Users\\BusinessComputers.in\\Documents\\GitHub\\DK-Photo\\dataconnect`: CreateFile c:\\Users\\BusinessComputers.in\\Documents\\GitHub\\DK-Photo\\dataconnect: The system cannot find the file specified.\n"}}
[debug] [2026-03-27T14:28:35.866Z] <<< [apiv2][status] POST https://www.googleapis.com/oauth2/v3/token 200
[debug] [2026-03-27T14:28:35.868Z] <<< [apiv2][body] POST https://www.googleapis.com/oauth2/v3/token [omitted]
[debug] [2026-03-27T14:28:36.263Z] [Firebase Plugin] User found:  darshankamble514@gmail.com
[info] [Firebase Plugin] (Core:Project) New user detected, fetching projects
[debug] [2026-03-27T14:28:36.270Z] Checked if tokens are valid: true, expires at: 1774625314868
[debug] [2026-03-27T14:28:36.277Z] >>> [apiv2][query] GET https://firebase.googleapis.com/v1beta1/projects pageSize=1000
[debug] [2026-03-27T14:28:36.512Z] I0327 19:58:36.503441    8300 dev.go:104] Listening on address (HTTP + gRPC): 127.0.0.1:50001
 {"metadata":{"emulator":{"name":"dataconnect"},"message":"I0327 19:58:36.503441    8300 dev.go:104] Listening on address (HTTP + gRPC): 127.0.0.1:50001\n"}}
[error] [Firebase Plugin] error:  {}
[debug] [2026-03-27T14:28:37.348Z] <<< [apiv2][status] GET https://firebase.googleapis.com/v1beta1/projects 200
[debug] [2026-03-27T14:28:37.348Z] <<< [apiv2][body] GET https://firebase.googleapis.com/v1beta1/projects [omitted]
[debug] [2026-03-27T14:28:45.838Z] E0327 19:58:45.838067    8300 watch.go:40] Failed to load config from "c:\\Users\\BusinessComputers.in\\Documents\\GitHub\\DK-Photo\\dataconnect": could not find dataconnect.yaml in `c:\Users\BusinessComputers.in\Documents\GitHub\DK-Photo\dataconnect`
 {"metadata":{"emulator":{"name":"dataconnect"},"message":"E0327 19:58:45.838067    8300 watch.go:40] Failed to load config from \"c:\\\\Users\\\\BusinessComputers.in\\\\Documents\\\\GitHub\\\\DK-Photo\\\\dataconnect\": could not find dataconnect.yaml in `c:\\Users\\BusinessComputers.in\\Documents\\GitHub\\DK-Photo\\dataconnect`\n"}}
[debug] [2026-03-27T14:28:55.836Z] E0327 19:58:55.835595    8300 watch.go:40] Failed to load config from "c:\\Users\\BusinessComputers.in\\Documents\\GitHub\\DK-Photo\\dataconnect": could not find dataconnect.yaml in `c:\Users\BusinessComputers.in\Documents\GitHub\DK-Photo\dataconnect`
 {"metadata":{"emulator":{"name":"dataconnect"},"message":"E0327 19:58:55.835595    8300 watch.go:40] Failed to load config from \"c:\\\\Users\\\\BusinessComputers.in\\\\Documents\\\\GitHub\\\\DK-Photo\\\\dataconnect\": could not find dataconnect.yaml in `c:\\Users\\BusinessComputers.in\\Documents\\GitHub\\DK-Photo\\dataconnect`\n"}}
[debug] [2026-03-27T14:29:05.827Z] E0327 19:59:05.834599    8300 watch.go:40] Failed to load config from "c:\\Users\\BusinessComputers.in\\Documents\\GitHub\\DK-Photo\\dataconnect": could not find dataconnect.yaml in `c:\Users\BusinessComputers.in\Documents\GitHub\DK-Photo\dataconnect`
 {"metadata":{"emulator":{"name":"dataconnect"},"message":"E0327 19:59:05.834599    8300 watch.go:40] Failed to load config from \"c:\\\\Users\\\\BusinessComputers.in\\\\Documents\\\\GitHub\\\\DK-Photo\\\\dataconnect\": could not find dataconnect.yaml in `c:\\Users\\BusinessComputers.in\\Documents\\GitHub\\DK-Photo\\dataconnect`\n"}}
[debug] [2026-03-27T14:29:15.894Z] E0327 19:59:15.902173    8300 watch.go:40] Failed to load config from "c:\\Users\\BusinessComputers.in\\Documents\\GitHub\\DK-Photo\\dataconnect": could not find dataconnect.yaml in `c:\Users\BusinessComputers.in\Documents\GitHub\DK-Photo\dataconnect`
 {"metadata":{"emulator":{"name":"dataconnect"},"message":"E0327 19:59:15.902173    8300 watch.go:40] Failed to load config from \"c:\\\\Users\\\\BusinessComputers.in\\\\Documents\\\\GitHub\\\\DK-Photo\\\\dataconnect\": could not find dataconnect.yaml in `c:\\Users\\BusinessComputers.in\\Documents\\GitHub\\DK-Photo\\dataconnect`\n"}}
[debug] [2026-03-27T14:29:25.829Z] E0327 19:59:25.837000    8300 watch.go:40] Failed to load config from "c:\\Users\\BusinessComputers.in\\Documents\\GitHub\\DK-Photo\\dataconnect": could not find dataconnect.yaml in `c:\Users\BusinessComputers.in\Documents\GitHub\DK-Photo\dataconnect`
 {"metadata":{"emulator":{"name":"dataconnect"},"message":"E0327 19:59:25.837000    8300 watch.go:40] Failed to load config from \"c:\\\\Users\\\\BusinessComputers.in\\\\Documents\\\\GitHub\\\\DK-Photo\\\\dataconnect\": could not find dataconnect.yaml in `c:\\Users\\BusinessComputers.in\\Documents\\GitHub\\DK-Photo\\dataconnect`\n"}}
[debug] [2026-03-27T14:29:35.826Z] E0327 19:59:35.834075    8300 watch.go:116] watchAllDir unable to walk dir `c:\Users\BusinessComputers.in\Documents\GitHub\DK-Photo\dataconnect`: CreateFile c:\Users\BusinessComputers.in\Documents\GitHub\DK-Photo\dataconnect: The system cannot find the file specified.
 {"metadata":{"emulator":{"name":"dataconnect"},"message":"E0327 19:59:35.834075    8300 watch.go:116] watchAllDir unable to walk dir `c:\\Users\\BusinessComputers.in\\Documents\\GitHub\\DK-Photo\\dataconnect`: CreateFile c:\\Users\\BusinessComputers.in\\Documents\\GitHub\\DK-Photo\\dataconnect: The system cannot find the file specified.\n"}}
[debug] [2026-03-27T14:29:35.828Z] E0327 19:59:35.836051    8300 watch.go:40] Failed to load config from "c:\\Users\\BusinessComputers.in\\Documents\\GitHub\\DK-Photo\\dataconnect": could not find dataconnect.yaml in `c:\Users\BusinessComputers.in\Documents\GitHub\DK-Photo\dataconnect`
 {"metadata":{"emulator":{"name":"dataconnect"},"message":"E0327 19:59:35.836051    8300 watch.go:40] Failed to load config from \"c:\\\\Users\\\\BusinessComputers.in\\\\Documents\\\\GitHub\\\\DK-Photo\\\\dataconnect\": could not find dataconnect.yaml in `c:\\Users\\BusinessComputers.in\\Documents\\GitHub\\DK-Photo\\dataconnect`\n"}}
[debug] [2026-03-27T14:29:45.827Z] E0327 19:59:45.834817    8300 watch.go:40] Failed to load config from "c:\\Users\\BusinessComputers.in\\Documents\\GitHub\\DK-Photo\\dataconnect": could not find dataconnect.yaml in `c:\Users\BusinessComputers.in\Documents\GitHub\DK-Photo\dataconnect`
 {"metadata":{"emulator":{"name":"dataconnect"},"message":"E0327 19:59:45.834817    8300 watch.go:40] Failed to load config from \"c:\\\\Users\\\\BusinessComputers.in\\\\Documents\\\\GitHub\\\\DK-Photo\\\\dataconnect\": could not find dataconnect.yaml in `c:\\Users\\BusinessComputers.in\\Documents\\GitHub\\DK-Photo\\dataconnect`\n"}}
[debug] [2026-03-27T14:29:55.830Z] E0327 19:59:55.836749    8300 watch.go:40] Failed to load config from "c:\\Users\\BusinessComputers.in\\Documents\\GitHub\\DK-Photo\\dataconnect": could not find dataconnect.yaml in `c:\Users\BusinessComputers.in\Documents\GitHub\DK-Photo\dataconnect`
 {"metadata":{"emulator":{"name":"dataconnect"},"message":"E0327 19:59:55.836749    8300 watch.go:40] Failed to load config from \"c:\\\\Users\\\\BusinessComputers.in\\\\Documents\\\\GitHub\\\\DK-Photo\\\\dataconnect\": could not find dataconnect.yaml in `c:\\Users\\BusinessComputers.in\\Documents\\GitHub\\DK-Photo\\dataconnect`\n"}}
[debug] [2026-03-27T14:30:05.828Z] E0327 20:00:05.835096    8300 watch.go:40] Failed to load config from "c:\\Users\\BusinessComputers.in\\Documents\\GitHub\\DK-Photo\\dataconnect": could not find dataconnect.yaml in `c:\Users\BusinessComputers.in\Documents\GitHub\DK-Photo\dataconnect`
 {"metadata":{"emulator":{"name":"dataconnect"},"message":"E0327 20:00:05.835096    8300 watch.go:40] Failed to load config from \"c:\\\\Users\\\\BusinessComputers.in\\\\Documents\\\\GitHub\\\\DK-Photo\\\\dataconnect\": could not find dataconnect.yaml in `c:\\Users\\BusinessComputers.in\\Documents\\GitHub\\DK-Photo\\dataconnect`\n"}}
[debug] [2026-03-27T14:30:15.845Z] E0327 20:00:15.851910    8300 watch.go:40] Failed to load config from "c:\\Users\\BusinessComputers.in\\Documents\\GitHub\\DK-Photo\\dataconnect": could not find dataconnect.yaml in `c:\Users\BusinessComputers.in\Documents\GitHub\DK-Photo\dataconnect`
 {"metadata":{"emulator":{"name":"dataconnect"},"message":"E0327 20:00:15.851910    8300 watch.go:40] Failed to load config from \"c:\\\\Users\\\\BusinessComputers.in\\\\Documents\\\\GitHub\\\\DK-Photo\\\\dataconnect\": could not find dataconnect.yaml in `c:\\Users\\BusinessComputers.in\\Documents\\GitHub\\DK-Photo\\dataconnect`\n"}}
[debug] [2026-03-27T14:30:25.829Z] E0327 20:00:25.836680    8300 watch.go:40] Failed to load config from "c:\\Users\\BusinessComputers.in\\Documents\\GitHub\\DK-Photo\\dataconnect": could not find dataconnect.yaml in `c:\Users\BusinessComputers.in\Documents\GitHub\DK-Photo\dataconnect`
 {"metadata":{"emulator":{"name":"dataconnect"},"message":"E0327 20:00:25.836680    8300 watch.go:40] Failed to load config from \"c:\\\\Users\\\\BusinessComputers.in\\\\Documents\\\\GitHub\\\\DK-Photo\\\\dataconnect\": could not find dataconnect.yaml in `c:\\Users\\BusinessComputers.in\\Documents\\GitHub\\DK-Photo\\dataconnect`\n"}}
